GET /users/room/my-rooms 500 12 - 1.876 ms
GET /users/room/available-rooms?filter=&search=&sort=&page=0&limit=10 500 12 - 2.056 ms
GET /users/favorites 500 12 - 1.184 ms
GET /users/room/my-rooms 401 26 - 0.295 ms
GET /users/room/available-rooms?filter=&search=&sort=&page=0&limit=10 401 26 - 0.236 ms
GET /users/favorites 401 26 - 0.246 ms
GET /users/room/my-rooms 401 26 - 0.290 ms
GET /users/favorites 401 26 - 0.304 ms
GET /users/room/available-rooms?filter=&search=&sort=&page=0&limit=10 401 26 - 0.243 ms
GET /users/room/my-rooms 401 26 - 0.618 ms
GET /users/room/available-rooms?filter=&search=&sort=&page=0&limit=10 401 26 - 0.407 ms
GET /users/favorites 401 26 - 0.227 ms
GET /users/room/my-rooms 500 12 - 19.903 ms
GET /users/room/available-rooms?filter=&search=&sort=&page=0&limit=10 500 12 - 1.887 ms
GET /users/favorites 500 12 - 1.287 ms
GET /users/room/available-rooms?filter=&search=&sort=&page=1&limit=4 401 26 - 0.869 ms
POST /users/room/join 500 86 - 17.285 ms
POST /users/room/join 500 86 - 12.629 ms
POST /users/room/join 403 59 - 13.397 ms
POST /users/room/join 403 59 - 25.071 ms
POST /users/room/join 403 59 - 32.672 ms
POST /users/room/join 403 59 - 15.205 ms
POST /users/room/join 403 59 - 14.345 ms
POST /users/room/join 403 59 - 16.222 ms
POST /users/room/join 403 59 - 17.979 ms
POST /users/room/join 403 59 - 10.208 ms
POST /users/room/join 403 59 - 8.114 ms
POST /users/room/join 403 59 - 13.006 ms
POST /users/room/join 403 59 - 9.328 ms
POST /users/room/join 403 59 - 11.933 ms
POST /users/room/join 403 59 - 7.478 ms
POST /users/room/join 403 59 - 8.556 ms
POST /users/room/join 403 59 - 8.188 ms
POST /users/room/join 403 59 - 9.283 ms
POST /users/room 400 56 - 17.401 ms
POST /users/room 500 12 - 1.695 ms
GET /users/room/available-rooms?filter=&search=&sort=&page=1&limit=4 401 26 - 0.245 ms
GET /users/room/available-rooms?filter=&search=&sort=&page=1&limit=4 401 26 - 0.531 ms
GET /users/room/available-rooms?filter=&search=&sort=&page=1&limit=4 500 12 - 3.948 ms
GET /users/room/available-rooms?filter=&search=&sort=&page=1&limit=4 401 26 - 0.210 ms
