GET /users/details 401 26 - 2.475 ms
GET /admin/users?filter=&sort=&search=&page=1&limit=10 401 26 - 0.266 ms
GET /admin/users?filter=&sort=&search=&page=1&limit=10 401 26 - 3.433 ms
POST /admin/banner 401 26 - 2.558 ms
POST /admin/banner 401 26 - 2.304 ms
POST /admin/banner 401 26 - 0.681 ms
POST /admin/banner 401 26 - 0.511 ms
POST /admin/banner 401 26 - 0.363 ms
POST /admin/banner 401 26 - 0.747 ms
POST /admin/banner 401 26 - 0.562 ms
POST /admin/banner 401 26 - 1.341 ms
POST /admin/banner 500 12 - 10.970 ms
GET /admin/banner 500 12 - 15.080 ms
GET /admin/banner 401 26 - 0.979 ms
GET /admin/banner 401 26 - 0.298 ms
GET /admin/banner 401 26 - 0.200 ms
GET /admin/banner 401 26 - 0.305 ms
GET /admin/banner 401 26 - 0.175 ms
GET /admin/banner 401 26 - 0.250 ms
GET /admin/banner 401 26 - 0.268 ms
GET /admin/banner 401 26 - 0.339 ms
GET /admin/banner 401 26 - 0.194 ms
GET /admin/banner 401 26 - 0.189 ms
GET /admin/banner 401 26 - 0.176 ms
GET /admin/banner 401 26 - 0.260 ms
GET /admin/banner 401 26 - 0.298 ms
GET /admin/banner 401 26 - 0.238 ms
GET /admin/banner 401 26 - 0.159 ms
GET /admin/banner 401 26 - 0.228 ms
GET /admin/banner 401 26 - 0.296 ms
GET /admin/banner 401 26 - 0.271 ms
GET /admin/banner 401 26 - 0.371 ms
GET /admin/banner 401 26 - 0.370 ms
GET /admin/banner/undefined 500 12 - 6.356 ms
GET /admin/banner/undefined 500 129 - 82.511 ms
GET /admin/banner/[object%20Object] 500 135 - 12.798 ms
GET /admin/banner/[object%20Object] 500 135 - 9.809 ms
GET /admin/banner/[object%20Object] 500 135 - 5.712 ms
GET /admin/banner/[object%20Object] 500 135 - 13.851 ms
GET /admin/banner/[object%20Object] 500 135 - 8.239 ms
GET /admin/banner/[object%20Object] 500 135 - 11.883 ms
GET /admin/banner/[object%20Object] 500 135 - 5.442 ms
GET /admin/banner/[object%20Object] 500 135 - 8.089 ms
GET /admin/banner/[object%20Object] 401 26 - 0.225 ms
GET /admin/banner/[object%20Object] 500 135 - 9.018 ms
GET /admin/banner/[object%20Object] 500 135 - 7.829 ms
GET /admin/banner/[object%20Object] 500 135 - 11.920 ms
GET /admin/banner/[object%20Object] 500 135 - 43.844 ms
GET /admin/banner/[object%20Object] 500 135 - 56.978 ms
GET /admin/banner/[object%20Object] 500 135 - 71.348 ms
GET /admin/banner/[object%20Object] 500 135 - 11.550 ms
GET /admin/banner/[object%20Object] 401 26 - 0.217 ms
GET /admin/banner/[object%20Object] 500 135 - 18.454 ms
GET /admin/banner/[object%20Object] 500 135 - 22.980 ms
GET /admin/banner/[object%20Object] 500 135 - 14.031 ms
GET /admin/banner/[object%20Object] 500 135 - 17.590 ms
GET /admin/banner/67d68c7ed96a230ff570886a 401 26 - 0.399 ms
GET /admin/banner 401 26 - 0.574 ms
GET /admin/banner/67d68d08d96a230ff5708870 401 26 - 1.354 ms
GET /admin/banner/67d68d08d96a230ff5708870 401 26 - 0.405 ms
GET /admin/banner 401 26 - 0.248 ms
GET /admin/banner 401 26 - 0.264 ms
GET /admin/banner/67d68d08d96a230ff5708870 401 26 - 0.294 ms
PUT /admin/banner/67d68d08d96a230ff5708870 400 354 - 28.263 ms
GET /admin/banner 401 26 - 0.405 ms
PUT /admin/banner/67d68d08d96a230ff5708870 400 354 - 7.684 ms
GET /admin/banner 401 26 - 0.179 ms
PUT /admin/banner/67d68d08d96a230ff5708870 400 354 - 20.612 ms
GET /admin/banner 401 26 - 0.477 ms
GET /admin/banner 401 26 - 0.446 ms
GET /admin/banner 401 26 - 0.227 ms
GET /admin/banner 401 26 - 0.208 ms
GET /admin/banner 401 26 - 0.424 ms
DELETE /admin/banner/67d68d08d96a230ff5708870 404 179 - 5.155 ms
GET /admin/banner 401 26 - 0.542 ms
GET /admin/banner 401 26 - 0.565 ms
GET /admin/banner 401 26 - 0.337 ms
GET /admin/banner 401 26 - 0.306 ms
GET /admin/banner 401 26 - 0.150 ms
GET /admin/banner 401 26 - 0.314 ms
GET /admin/banner 401 26 - 0.385 ms
GET /admin/banner 401 26 - 0.369 ms
GET /admin/banner 401 26 - 0.349 ms
GET /admin/banner 401 26 - 0.186 ms
GET /users/room/available-rooms?filter=&search=&sort=&page=1&limit=4 401 26 - 1.022 ms
GET /admin/banner 401 26 - 0.200 ms
GET /admin/banner 401 26 - 0.169 ms
GET /admin/banner 401 26 - 0.232 ms
GET /admin/banner 401 26 - 0.332 ms
GET /admin/banner 401 26 - 0.208 ms
GET /admin/banner 401 26 - 0.370 ms
GET /admin/banner 401 26 - 0.303 ms
GET /admin/banner 401 26 - 0.205 ms
GET /admin/banner 401 26 - 0.224 ms
GET /admin/banner 401 26 - 0.172 ms
GET /admin/banner 401 26 - 0.228 ms
GET /admin/banner 401 26 - 0.262 ms
GET /admin/banner 401 26 - 0.232 ms
GET /admin/banner 401 26 - 0.180 ms
GET /admin/banner 401 26 - 0.221 ms
GET /users/room/available-rooms?filter=&search=&sort=&page=1&limit=4 401 26 - 0.173 ms
GET /users/room/available-rooms?filter=&search=&sort=&page=1&limit=4 401 26 - 0.183 ms
GET /users/room/available-rooms?filter=&search=&sort=&page=1&limit=4 401 26 - 0.209 ms
GET /users/room/available-rooms?filter=&search=&sort=&page=1&limit=4 401 26 - 0.278 ms
GET /users/room/available-rooms?filter=&search=&sort=&page=1&limit=4 401 26 - 0.163 ms
GET /users/room/available-rooms?filter=&search=&sort=&page=1&limit=4 401 26 - 0.267 ms
GET /users/room/available-rooms?filter=&search=&sort=&page=1&limit=4 401 26 - 0.190 ms
GET /users/room/available-rooms?filter=&search=&sort=&page=1&limit=4 401 26 - 0.238 ms
GET /users/room/available-rooms?filter=&search=&sort=&page=1&limit=4 401 26 - 0.228 ms
GET /admin/banner 401 26 - 3.816 ms
GET /users/room/available-rooms?filter=&search=&sort=&page=1&limit=4 500 12 - 5.880 ms
GET /users/banner 404 151 - 4.428 ms
GET /users/banner 404 151 - 12.890 ms
GET /users/banner 404 151 - 4.420 ms
GET /users/banner 401 26 - 0.293 ms
GET /users/room/available-rooms?filter=&search=&sort=&page=1&limit=4 401 26 - 0.410 ms
GET /users/banner 404 151 - 6.731 ms
GET /users/banner 404 151 - 6.897 ms
GET /users/banner 404 151 - 6.284 ms
GET /users/banner 404 151 - 4.336 ms
GET /admin/banner 401 26 - 0.856 ms
GET /users/banner 404 151 - 6.262 ms
GET /users/banner 404 151 - 6.366 ms
GET /users/room/available-rooms?filter=&search=&sort=&page=1&limit=4 401 26 - 0.211 ms
GET /users/banner 401 26 - 0.301 ms
GET /users/banner 404 151 - 4.569 ms
GET /users/banner 404 151 - 4.257 ms
GET /users/banner 404 151 - 19.291 ms
GET /users/banner 401 26 - 0.331 ms
GET /users/room/available-rooms?filter=&search=&sort=&page=1&limit=4 401 26 - 0.235 ms
GET /users/banner 404 151 - 9.929 ms
GET /users/banner 404 151 - 10.508 ms
GET /users/banner 404 151 - 4.420 ms
GET /users/banner 404 151 - 6.596 ms
GET /users/banner 401 26 - 0.580 ms
GET /users/room/available-rooms?filter=&search=&sort=&page=1&limit=4 401 26 - 0.351 ms
GET /users/banner 404 151 - 9.353 ms
GET /users/banner 404 151 - 4.775 ms
GET /users/banner 404 151 - 6.319 ms
GET /users/banner 404 151 - 5.201 ms
GET /users/banner 500 90 - 32.997 ms
GET /users/banner 500 90 - 20.306 ms
GET /users/banner 500 90 - 33.310 ms
GET /users/banner 500 90 - 18.401 ms
GET /users/room/available-rooms?filter=&search=&sort=&page=1&limit=4 401 26 - 0.419 ms
GET /users/banner 401 26 - 0.637 ms
GET /users/banner 500 90 - 18.758 ms
GET /users/room/available-rooms?filter=&search=&sort=&page=1&limit=4 401 26 - 0.310 ms
GET /users/banner 401 26 - 0.361 ms
GET /users/room/available-rooms?filter=&search=&sort=&page=1&limit=4 401 26 - 0.572 ms
GET /users/banner 401 26 - 0.490 ms
GET /admin/banner 401 26 - 0.923 ms
GET /users/room/available-rooms?filter=&search=&sort=&page=1&limit=4 401 26 - 5.577 ms
GET /users/banner 401 26 - 0.544 ms
GET /admin/banner 500 12 - 4.247 ms
GET /users/room/available-rooms?filter=&search=&sort=&page=1&limit=4 500 12 - 50.609 ms
GET /users/banner 500 12 - 6.803 ms
GET /admin/banner 401 26 - 1.327 ms
POST /users/room/join 403 49 - 27.394 ms
GET /admin/room/67d4844c8f2468ac5837da1e 401 26 - 0.488 ms
GET /users/room/available-rooms?filter=&search=&sort=&page=1&limit=4 401 26 - 3.603 ms
GET /users/banner 401 26 - 0.407 ms
GET /users/room/available-rooms?filter=&search=&sort=&page=1&limit=4 500 12 - 42.482 ms
GET /users/banner 500 12 - 2.669 ms
GET /users/room/available-rooms?filter=&search=&sort=&page=1&limit=4 401 26 - 0.791 ms
GET /users/banner 401 26 - 0.674 ms
GET /admin/banner 401 26 - 0.487 ms
GET /admin/room/available-rooms?filter=&search=&sort=&page=1&limit=10 401 26 - 1.945 ms
GET /admin/room/available-rooms?filter=&search=&sort=&page=1&limit=10 500 12 - 5.889 ms
GET /admin/room/available-rooms?filter=&search=&sort=&page=1&limit=10 401 26 - 0.803 ms
GET /admin/room/67d4844c8f2468ac5837da1e 401 26 - 0.219 ms
GET /users/room/my-rooms 401 26 - 0.698 ms
GET /users/room/available-rooms?filter=&search=&sort=&page=0&limit=10 401 26 - 0.268 ms
GET /users/favorites 401 26 - 0.308 ms
GET /users/room/my-rooms 401 26 - 0.854 ms
GET /users/room/available-rooms?filter=&search=&sort=&page=0&limit=10 401 26 - 0.524 ms
GET /users/favorites 401 26 - 0.814 ms
GET /users/room/my-rooms 401 26 - 0.346 ms
GET /users/room/available-rooms?filter=&search=&sort=&page=0&limit=10 401 26 - 0.222 ms
GET /users/favorites 401 26 - 0.327 ms
GET /users/room/my-rooms 401 26 - 0.371 ms
GET /users/room/available-rooms?filter=&search=&sort=&page=0&limit=10 401 26 - 0.480 ms
GET /users/favorites 401 26 - 0.476 ms
GET /users/room/available-rooms?filter=&search=&sort=&page=1&limit=4 401 26 - 19.429 ms
GET /users/banner 401 26 - 0.756 ms
POST /users/room/join 403 56 - 38.486 ms
POST /users/room/join 403 56 - 23.558 ms
POST /users/room/join 403 56 - 19.944 ms
POST /users/room/join 403 56 - 24.409 ms
POST /users/room/join 403 56 - 22.619 ms
POST /users/room/join 403 59 - 20.483 ms
POST /users/room/join 403 59 - 25.061 ms
POST /users/room/join 403 59 - 19.920 ms
POST /users/room/join 403 59 - 21.867 ms
GET /users/room/my-rooms 401 26 - 0.971 ms
GET /users/room/available-rooms?filter=&search=&sort=&page=0&limit=10 401 26 - 0.419 ms
GET /users/favorites 401 26 - 0.284 ms
GET /admin/users?filter=&sort=&search=&page=1&limit=10 401 26 - 0.658 ms
GET /admin/users?filter=&sort=&search=&page=1&limit=10 401 26 - 0.341 ms
GET /admin/room/available-rooms?filter=&search=&sort=&page=1&limit=10 401 26 - 0.367 ms
GET /admin/room/available-rooms?filter=&search=&sort=&page=1&limit=10 401 26 - 0.365 ms
GET /admin/room/available-rooms?filter=&search=&sort=&page=1&limit=10 401 26 - 0.227 ms
GET /admin/room/available-rooms?filter=&search=&sort=&page=1&limit=10 401 26 - 0.310 ms
GET /admin/room/available-rooms?filter=&search=&sort=&page=1&limit=10 401 26 - 0.388 ms
GET /admin/room/available-rooms?filter=&search=&sort=&page=1&limit=10 401 26 - 0.471 ms
GET /admin/room/available-rooms?filter=&search=&sort=&page=1&limit=10 401 26 - 0.238 ms
GET /admin/room/available-rooms?filter=&search=&sort=&page=1&limit=10 401 26 - 0.293 ms
GET /admin/room/available-rooms?filter=&search=&sort=&page=1&limit=10 401 26 - 0.344 ms
GET /admin/room/available-rooms?filter=&search=&sort=&page=1&limit=10 401 26 - 0.460 ms
GET /admin/room/available-rooms?filter=&search=&sort=&page=1&limit=10 401 26 - 0.394 ms
GET /admin/room/available-rooms?filter=&search=&sort=&page=1&limit=10 401 26 - 0.374 ms
GET /admin/room/available-rooms?filter=&search=&sort=&page=1&limit=10 401 26 - 0.634 ms
GET /admin/room/available-rooms?filter=&search=&sort=&page=1&limit=10 401 26 - 1.938 ms
GET /admin/room/available-rooms?filter=&search=&sort=&page=1&limit=10 401 26 - 0.490 ms
GET /admin/room/available-rooms?filter=&search=&sort=&page=1&limit=10 401 26 - 0.200 ms
GET /admin/room/available-rooms?filter=&search=&sort=&page=1&limit=10 401 26 - 0.358 ms
GET /admin/room/available-rooms?filter=&search=&sort=&page=1&limit=10 401 26 - 0.428 ms
GET /admin/room/available-rooms?filter=&search=&sort=&page=1&limit=10 401 26 - 0.745 ms
GET /admin/users?filter=&sort=&search=&page=1&limit=10 401 26 - 0.450 ms
