GET /admin/users?filter=&sort=&search=&page=1&limit=10 401 26 - 3.287 ms
GET /users/room/available-rooms?filter=&search=&sort=&page=0&limit=10 401 26 - 0.693 ms
GET /users/room/my-rooms 401 26 - 0.736 ms
GET /users/favorites 401 26 - 0.436 ms
POST /auth/register 404 58 - 45.484 ms
POST /auth/register 404 53 - 10.458 ms
GET /users/room/available-rooms?filter=&search=&sort=&page=1&limit=4 401 26 - 0.330 ms
GET /users/banner 401 26 - 1.769 ms
GET /users/room/my-rooms 401 26 - 0.381 ms
GET /users/room/available-rooms?filter=&search=&sort=&page=0&limit=10 401 26 - 0.430 ms
GET /users/favorites 401 26 - 0.432 ms
GET /admin/room/67cfbf6c417ba0de8b5b0fee 500 12 - 3.519 ms
GET /users/room/my-rooms 401 26 - 0.425 ms
GET /users/room/available-rooms?filter=&search=&sort=&page=0&limit=10 401 26 - 0.362 ms
GET /users/favorites 401 26 - 0.328 ms
GET /users/room/my-rooms 401 26 - 0.489 ms
GET /users/room/available-rooms?filter=&search=&sort=&page=0&limit=10 401 26 - 0.453 ms
GET /users/favorites 401 26 - 0.265 ms
GET /users/room/my-rooms 401 26 - 0.209 ms
GET /users/room/available-rooms?filter=&search=&sort=&page=0&limit=10 401 26 - 0.286 ms
GET /users/favorites 401 26 - 0.269 ms
GET /users/room/my-rooms 401 26 - 0.271 ms
GET /users/room/available-rooms?filter=&search=&sort=&page=0&limit=10 401 26 - 0.255 ms
GET /users/favorites 401 26 - 0.303 ms
GET /users/room/my-rooms 401 26 - 0.262 ms
GET /users/room/available-rooms?filter=&search=&sort=&page=0&limit=10 401 26 - 0.204 ms
GET /users/favorites 401 26 - 0.206 ms
GET /users/room/my-rooms 401 26 - 0.275 ms
GET /users/room/available-rooms?filter=&search=&sort=&page=0&limit=10 401 26 - 0.235 ms
GET /users/favorites 401 26 - 0.184 ms
GET /users/room/my-rooms 401 26 - 0.248 ms
GET /users/room/available-rooms?filter=&search=&sort=&page=0&limit=10 401 26 - 0.222 ms
GET /users/favorites 401 26 - 0.192 ms
GET /users/room/my-rooms 401 26 - 0.203 ms
GET /users/room/available-rooms?filter=&search=&sort=&page=0&limit=10 401 26 - 0.200 ms
GET /users/favorites 401 26 - 0.197 ms
GET /users/room/my-rooms 401 26 - 0.250 ms
GET /users/room/available-rooms?filter=&search=&sort=&page=0&limit=10 401 26 - 0.938 ms
GET /users/favorites 401 26 - 0.247 ms
GET /users/details 401 26 - 0.492 ms
POST /users/chatbot 400 73 - 5.896 ms
GET /users/details 401 26 - 0.197 ms
GET /users/details 401 26 - 0.448 ms
GET /users/details 401 26 - 0.598 ms
GET /admin/room/67cfbf6c417ba0de8b5b0fee 401 26 - 0.192 ms
GET /users/details 401 26 - 0.237 ms
GET /admin/room/available-rooms?filter=&search=&sort=&page=1&limit=10 401 26 - 0.177 ms
GET /admin/users?filter=&sort=&search=&page=1&limit=10 401 26 - 0.423 ms
GET /admin/users?filter=&sort=&search=&page=1&limit=10 401 26 - 0.181 ms
GET /admin/users?filter=&sort=&search=&page=1&limit=10 401 26 - 0.245 ms
GET /users/room/my-rooms 401 26 - 0.323 ms
GET /users/room/available-rooms?filter=&search=&sort=&page=0&limit=10 401 26 - 0.331 ms
GET /users/favorites 401 26 - 0.371 ms
GET /users/room/available-rooms?filter=&search=&sort=&page=1&limit=4 500 12 - 2.366 ms
GET /users/banner 500 12 - 1.030 ms
POST /users/room/join 403 56 - 21.223 ms
GET /admin/users?filter=&sort=&search=&page=1&limit=10 401 26 - 13.869 ms
GET /users/details 401 26 - 4.455 ms
GET /users/details 401 26 - 1.370 ms
GET /users/details 401 26 - 0.544 ms
GET /users/details 401 26 - 0.562 ms
GET /users/details 401 26 - 0.902 ms
GET /users/details 401 26 - 0.365 ms
GET /users/details 401 26 - 0.221 ms
GET /users/details 401 26 - 0.340 ms
GET /users/details 401 26 - 1.095 ms
GET /users/details 401 26 - 0.420 ms
GET /users/details 401 26 - 0.650 ms
GET /users/details 401 26 - 1.086 ms
GET /users/details 401 26 - 0.539 ms
GET /users/details 401 26 - 0.267 ms
GET /users/details 401 26 - 0.528 ms
GET /users/details 401 26 - 0.628 ms
GET /users/details 401 26 - 0.412 ms
GET /users/details 401 26 - 0.590 ms
GET /users/details 401 26 - 0.543 ms
GET /users/details 401 26 - 0.400 ms
GET /users/details 401 26 - 1.539 ms
GET /users/details 401 26 - 2.773 ms
GET /users/details 401 26 - 0.399 ms
GET /admin/users?filter=&sort=&search=&page=1&limit=10 401 26 - 1.436 ms
GET /users/details 500 12 - 100.363 ms
GET /users/details 401 26 - 4.085 ms
GET /users/details 401 26 - 6.154 ms
GET /users/details 401 26 - 0.978 ms
GET /users/details 401 26 - 0.325 ms
GET /users/details 401 26 - 0.700 ms
GET /users/details 401 26 - 0.913 ms
GET /users/details 401 26 - 0.636 ms
GET /users/details 401 26 - 0.510 ms
GET /users/details 401 26 - 1.756 ms
GET /users/details 500 12 - 11.801 ms
PATCH /users/checkin 403 48 - 28.238 ms
GET /users/details 401 26 - 5.932 ms
PATCH /users/checkin 403 48 - 27.972 ms
PATCH /users/checkin 403 48 - 18.369 ms
GET /users/details 401 26 - 3.101 ms
GET /users/details 401 26 - 1.310 ms
GET /users/details 401 26 - 0.904 ms
GET /users/details 401 26 - 1.089 ms
GET /users/details 401 26 - 1.084 ms
GET /users/details 401 26 - 1.997 ms
PATCH /users/checkin 403 48 - 42.442 ms
PATCH /users/checkin 403 48 - 31.188 ms
GET /users/details 401 26 - 1.714 ms
PATCH /users/checkin 403 48 - 40.036 ms
GET /admin/users?filter=&sort=&search=&page=1&limit=10 401 26 - 22.459 ms
GET /users/details 500 12 - 6.175 ms
GET /users/details 401 26 - 0.489 ms
GET /users/details 401 26 - 0.477 ms
GET /users/details 401 26 - 6.095 ms
GET /users/details 401 26 - 0.308 ms
GET /users/streak 401 26 - 0.363 ms
GET /users/details 401 26 - 0.895 ms
GET /users/streak 401 26 - 1.498 ms
GET /users/streak 401 26 - 0.281 ms
GET /users/details 401 26 - 0.358 ms
GET /users/streak 401 26 - 0.731 ms
GET /users/room/available-rooms?filter=&search=&sort=&page=1&limit=4 401 26 - 0.370 ms
GET /users/banner 401 26 - 0.408 ms
GET /users/streak 401 26 - 0.906 ms
GET /users/banner 401 26 - 0.330 ms
GET /users/room/available-rooms?filter=&search=&sort=&page=1&limit=4 401 26 - 0.323 ms
GET /users/streak 401 26 - 0.530 ms
GET /users/room/available-rooms?filter=&search=&sort=&page=1&limit=4 401 26 - 0.369 ms
GET /users/banner 401 26 - 1.117 ms
GET /users/streak 401 26 - 0.488 ms
GET /users/banner 401 26 - 0.344 ms
GET /users/room/available-rooms?filter=&search=&sort=&page=1&limit=4 401 26 - 0.695 ms
GET /users/streak 401 26 - 0.328 ms
GET /users/banner 401 26 - 0.384 ms
GET /users/room/available-rooms?filter=&search=&sort=&page=1&limit=4 401 26 - 0.441 ms
GET /users/streak 401 26 - 0.647 ms
GET /users/room/available-rooms?filter=&search=&sort=&page=1&limit=4 401 26 - 0.558 ms
GET /users/banner 401 26 - 0.526 ms
GET /users/streak 401 26 - 0.315 ms
GET /users/details 401 26 - 0.313 ms
GET /users/streak 401 26 - 0.339 ms
GET /users/room/available-rooms?filter=&search=&sort=&page=1&limit=4 401 26 - 0.424 ms
GET /users/banner 401 26 - 0.298 ms
GET /users/streak 401 26 - 0.262 ms
GET /users/details 401 26 - 0.260 ms
GET /users/streak 401 26 - 0.522 ms
GET /users/details 401 26 - 1.066 ms
GET /users/details 401 26 - 0.230 ms
GET /users/streak 401 26 - 0.467 ms
GET /users/streak 401 26 - 0.632 ms
GET /users/room/my-rooms 401 26 - 0.519 ms
GET /users/room/available-rooms?filter=&search=&sort=&page=0&limit=10 401 26 - 0.793 ms
GET /users/favorites 401 26 - 0.527 ms
POST /users/room 400 56 - 19.125 ms
GET /users/streak 401 26 - 0.360 ms
GET /users/room/my-rooms 401 26 - 0.432 ms
GET /users/room/available-rooms?filter=&search=&sort=&page=0&limit=10 401 26 - 0.309 ms
GET /users/favorites 401 26 - 0.273 ms
POST /auth/initiate-registration 400 49 - 18.318 ms
POST /auth/register 500 137 - 125.369 ms
GET /admin/users?filter=&sort=&search=&page=1&limit=10 401 26 - 1.517 ms
POST /auth/login 404 45 - 18.277 ms
POST /auth/login 404 46 - 281.981 ms
POST /auth/login 401 68 - 272.151 ms
POST /auth/login 401 78 - 9.484 ms
POST /auth/login 401 78 - 9.560 ms
POST /auth/login 401 78 - 8.060 ms
GET /users/streak 401 26 - 0.318 ms
GET /admin/users?filter=&sort=&search=&page=1&limit=10 401 26 - 0.211 ms
GET /admin/users?filter=&sort=&search=&page=1&limit=10 401 44 - 6.502 ms
POST /auth/login 401 78 - 13.281 ms
POST /auth/login 401 78 - 10.142 ms
GET /users/streak 401 26 - 0.457 ms
GET /users/details 401 26 - 0.298 ms
GET /users/streak 401 26 - 0.471 ms
GET /users/details 401 26 - 0.293 ms
GET /users/streak 401 26 - 0.475 ms
GET /users/details 401 26 - 1.124 ms
GET /users/streak 401 26 - 3.416 ms
GET /users/details 401 26 - 0.699 ms
GET /users/streak 401 26 - 0.380 ms
GET /users/details 401 26 - 0.344 ms
GET /users/streak 401 26 - 0.452 ms
GET /users/details 401 26 - 0.898 ms
GET /users/streak 401 26 - 0.306 ms
GET /users/details 401 26 - 0.316 ms
GET /users/streak 401 26 - 0.834 ms
GET /users/details 401 26 - 0.342 ms
GET /users/streak 401 26 - 0.659 ms
GET /users/details 401 26 - 0.779 ms
GET /users/streak 401 26 - 1.440 ms
GET /users/details 401 26 - 1.057 ms
GET /users/streak 401 26 - 0.576 ms
GET /users/details 401 26 - 0.520 ms
GET /users/streak 401 26 - 0.441 ms
GET /users/room/available-rooms?filter=&search=&sort=&page=1&limit=4 401 26 - 0.286 ms
GET /users/banner 401 26 - 0.247 ms
GET /users/streak 401 26 - 0.647 ms
GET /users/details 401 26 - 0.510 ms
GET /users/streak 401 26 - 0.661 ms
GET /users/details 401 26 - 1.457 ms
PATCH /users/checkin 403 48 - 30.375 ms
GET /users/streak 401 26 - 0.677 ms
GET /users/details 401 26 - 0.578 ms
GET /users/streak 401 26 - 0.475 ms
GET /users/details 401 26 - 0.627 ms
GET /users/streak 401 26 - 0.245 ms
GET /users/details 401 26 - 0.294 ms
GET /users/streak 401 26 - 0.503 ms
GET /users/details 401 26 - 0.630 ms
GET /users/streak 401 26 - 0.531 ms
GET /users/details 401 26 - 0.352 ms
GET /users/streak 401 26 - 0.300 ms
GET /users/details 401 26 - 0.173 ms
GET /users/streak 401 26 - 0.403 ms
GET /users/details 401 26 - 0.490 ms
GET /users/streak 401 26 - 0.351 ms
GET /users/details 401 26 - 0.643 ms
GET /users/streak 401 26 - 0.546 ms
GET /users/details 401 26 - 0.479 ms
GET /users/streak 401 26 - 1.170 ms
GET /users/details 401 26 - 0.485 ms
GET /users/details 401 26 - 0.237 ms
GET /users/streak 401 26 - 0.276 ms
GET /users/streak 401 26 - 0.753 ms
GET /users/details 401 26 - 0.645 ms
GET /users/streak 401 26 - 0.473 ms
GET /users/details 401 26 - 0.463 ms
GET /users/streak 401 26 - 0.729 ms
GET /users/details 401 26 - 0.354 ms
GET /users/streak 401 26 - 0.407 ms
GET /users/details 401 26 - 0.640 ms
GET /users/streak 401 26 - 0.560 ms
GET /users/details 401 26 - 0.512 ms
GET /users/streak 401 26 - 0.726 ms
GET /users/details 401 26 - 0.534 ms
GET /users/streak 401 26 - 0.460 ms
GET /users/details 401 26 - 0.351 ms
GET /users/streak 401 26 - 0.297 ms
GET /users/details 401 26 - 0.364 ms
GET /users/streak 401 26 - 0.389 ms
GET /users/room/available-rooms?filter=&search=&sort=&page=1&limit=4 401 26 - 0.689 ms
GET /users/banner 401 26 - 0.498 ms
GET /users/streak 401 26 - 0.516 ms
GET /users/room/available-rooms?filter=&search=&sort=&page=1&limit=4 401 26 - 0.443 ms
GET /users/banner 401 26 - 0.298 ms
GET /users/streak 401 26 - 0.422 ms
GET /users/room/available-rooms?filter=&search=&sort=&page=1&limit=4 401 26 - 0.404 ms
GET /users/banner 401 26 - 0.305 ms
GET /users/streak 401 26 - 0.505 ms
GET /users/room/available-rooms?filter=&search=&sort=&page=1&limit=4 401 26 - 0.754 ms
GET /users/banner 401 26 - 0.351 ms
GET /users/streak 401 26 - 0.611 ms
GET /users/room/available-rooms?filter=&search=&sort=&page=1&limit=4 401 26 - 0.376 ms
GET /users/banner 401 26 - 0.410 ms
GET /users/streak 401 26 - 0.585 ms
GET /admin/users?filter=&sort=&search=&page=1&limit=10 401 26 - 0.365 ms
GET /admin/users?filter=&sort=&search=&page=1&limit=10 401 44 - 15.539 ms
GET /admin/users?filter=&sort=&search=&page=1&limit=10 401 44 - 8.483 ms
GET /users/streak 401 26 - 0.415 ms
GET /users/room/available-rooms?filter=&search=&sort=&page=1&limit=4 401 26 - 0.271 ms
GET /users/banner 401 26 - 0.290 ms
GET /users/streak 401 26 - 0.398 ms
GET /users/room/available-rooms?filter=&search=&sort=&page=1&limit=4 401 26 - 0.453 ms
GET /users/banner 401 26 - 0.349 ms
GET /users/streak 401 26 - 0.674 ms
GET /users/room/available-rooms?filter=&search=&sort=&page=1&limit=4 401 26 - 0.184 ms
GET /users/banner 401 26 - 0.232 ms
GET /users/room/my-rooms 500 12 - 2.132 ms
GET /users/room/available-rooms?filter=&search=&sort=&page=0&limit=10 500 12 - 1.434 ms
GET /users/favorites 500 12 - 1.427 ms
GET /users/room/available-rooms?filter=&search=&sort=&page=1&limit=10 500 12 - 2.137 ms
GET /admin/users?filter=&sort=&search=&page=1&limit=10 500 12 - 6.124 ms
GET /users/streak 500 12 - 5.882 ms
GET /admin/room/available-rooms?filter=&search=&sort=&page=1&limit=10 401 44 - 5.984 ms
